        -:    0:Source:app/main.f90
        -:    1:! Demo application using the calculator module
    #####:    2:program demo_app
    #####:    3:    use demo_calculator
        -:    4:    implicit none
        -:    5:    
        -:    6:    real :: a, b, result
        -:    7:    
        -:    8:    ! Test basic operations
    #####:    9:    a = 10.0
    #####:   10:    b = 5.0
        -:   11:    
    #####:   12:    write(*,*) "Demo Calculator Application"
    #####:   13:    write(*,*) "=========================="
        -:   14:    
        -:   15:    ! Addition
    #####:   16:    result = add_numbers(a, b)
    #####:   17:    write(*,'(A,F0.1,A,F0.1,A,F0.1)') "Addition: ", a, " + ", b, " = ", result
        -:   18:    
        -:   19:    ! Multiplication  
    #####:   20:    result = multiply_numbers(a, b)
    #####:   21:    write(*,'(A,F0.1,A,F0.1,A,F0.1)') "Multiplication: ", a, " * ", b, " = ", result
        -:   22:    
        -:   23:    ! Division
    #####:   24:    result = divide_numbers(a, b)
    #####:   25:    write(*,'(A,F0.1,A,F0.1,A,F0.1)') "Division: ", a, " / ", b, " = ", result
        -:   26:    
        -:   27:    ! Test division by zero handling
    #####:   28:    result = divide_numbers(a, 0.0)
    #####:   29:    write(*,'(A,F0.1,A,F0.1,A,F0.1)') "Division by zero: ", a, " / 0.0 = ", result
        -:   30:    
    #####:   31:end program demo_app
